<?xml version="1.0" encoding="UTF-8"?>
<!-- Generated by org.testng.reporters.JUnitReportReporter -->
<testsuite hostname="KJR-01" failures="0" tests="1" name="testNG.GetAllHyperLinks" time="19.790" errors="0" timestamp="2020-11-11T11:26:19 GMT" skipped="0">
  <testcase classname="testNG.GetAllHyperLinks" name="gettheHyperLinks" time="19.790"/>
  <system-out/>
</testsuite> <!-- testNG.GetAllHyperLinks -->
